Engine started
IN: uci
OUT: uciok sent
Engine started
Engine started
Engine started
RAW IN: [117, 99, 105]
IN: uci
OUT: uciok sent
RAW IN: [103, 111]
IN: go
RAW IN: [115, 116, 111, 112]
IN: stop
Received stop
Engine started
RAW IN: [117, 99, 105]
IN: uci
OUT: uciok sent
RAW IN: [112, 111, 115, 105, 116, 105, 111, 110]
IN: position
Got position: position
RAW IN: [103, 111]
IN: go
OUT: bestmove e2e4 sent
RAW IN: [115, 116, 111, 112]
IN: stop
Received stop
Engine started
IN: "go"
Go received before position, ignoring
IN: "stop"
Received stop
IN: "position"
Got position: "position"
IN: "go"
OUT: bestmove e2e4 sent
Engine started
IN: "go"
Go received before position, ignoring
IN: "stop"
Received stop
Engine started
IN: "uci"
OUT: uciok sent
Engine started
IN: "uci"
OUT: uciok sent
IN: "go"
Go received before position, ignoring
IN: "stop"
Received stop
IN: "position"
Got position: "position"
IN: "go"
OUT: bestmove e2e4 sent
Engine started
IN: "go"
OUT: bestmove e2e4 sent
